<?xml version="1.0" encoding="UTF-8"?>
<!-- Generated by org.testng.reporters.JUnitReportReporter -->
<testsuite hostname="Dru" failures="0" tests="4" name="TestCases.GET_Tests" time="4.990" errors="0" timestamp="2022-10-26T17:54:54 EDT" skipped="0">
  <testcase classname="TestCases.GET_Tests" name="test03" time="0.990"/>
  <system-out/>
  <testcase classname="TestCases.GET_Tests" name="test02" time="0.469"/>
  <system-out/>
  <testcase classname="TestCases.GET_Tests" name="test01" time="2.100"/>
  <system-out/>
  <testcase classname="TestCases.GET_Tests" name="test04" time="1.431"/>
  <system-out/>
</testsuite> <!-- TestCases.GET_Tests -->
